<?xml version="1.0" encoding="UTF-8"?>
<!-- Generated by org.testng.reporters.JUnitXMLReporter -->
<testsuite ignored="0" hostname="LTIN588457" failures="1" tests="5" name="OrangeHRMTest1" time="12.831" errors="0" timestamp="2025-06-20T17:42:36 IST">
  <testcase classname="miniproject.tests.OrangeHRMTest" name="loginTest" time="2.116">
    <failure type="java.lang.AssertionError">
      <![CDATA[java.lang.AssertionError
at miniproject.tests.OrangeHRMTest.loginTest(OrangeHRMTest.java:55)
at java.base/java.util.ArrayList.forEach(ArrayList.java:1596)
... Removed 25 stack frames]]>
    </failure>
  </testcase> <!-- loginTest -->
  <testcase classname="miniproject.tests.OrangeHRMTest" name="navigateToJobTitlesTest" time="0.001">
    <skipped/>
  </testcase> <!-- navigateToJobTitlesTest -->
  <testcase classname="miniproject.tests.OrangeHRMTest" name="printinglisttocsv" time="0.0">
    <skipped/>
  </testcase> <!-- printinglisttocsv -->
  <testcase classname="miniproject.tests.OrangeHRMTest" name="addJobTitleTest" time="0.0">
    <skipped/>
  </testcase> <!-- addJobTitleTest -->
  <testcase classname="miniproject.tests.OrangeHRMTest" name="logoutTest" time="1.737"/>
</testsuite> <!-- OrangeHRMTest1 -->
